0.005  0.000460499
0.015  0.000628107
0.025  0.000851254
0.035  0.00114632
0.045  0.00153381
0.055  0.0020392
0.065  0.00269381
0.075  0.00353586
0.085  0.00461151
0.095  0.00597602
0.105  0.00769488
0.115  0.00984492
0.125  0.0125153
0.135  0.0158086
0.145  0.0198411
0.155  0.0247433
0.165  0.0306599
0.175  0.0377489
0.185  0.0461804
0.195  0.0561348
0.205  0.0677995
0.215  0.0813658
0.225  0.0970237
0.235  0.114957
0.245  0.135335
0.255  0.15831
0.265  0.184004
0.275  0.212503
0.285  0.24385
0.295  0.278037
0.305  0.314995
0.315  0.354588
0.325  0.396611
0.335  0.440784
0.345  0.486752
0.355  0.534085
0.365  0.582282
0.375  0.630779
0.385  0.678955
0.395  0.726149
0.405  0.771669
0.415  0.81481
0.425  0.854875
0.435  0.891188
0.445  0.923116
0.455  0.950089
0.465  0.971611
0.475  0.987282
0.485  0.996805
0.495  1
0.505  0.996805
0.515  0.987282
0.525  0.971611
0.535  0.950089
0.545  0.923116
0.555  0.891188
0.565  0.854875
0.575  0.81481
0.585  0.771669
0.595  0.726149
0.605  0.678955
0.615  0.630779
0.625  0.582282
0.635  0.534085
0.645  0.486752
0.655  0.440784
0.665  0.396611
0.675  0.354588
0.685  0.314995
0.695  0.278037
0.705  0.24385
0.715  0.212503
0.725  0.184004
0.735  0.15831
0.745  0.135335
0.755  0.114957
0.765  0.0970237
0.775  0.0813658
0.785  0.0677995
0.795  0.0561348
0.805  0.0461804
0.815  0.0377489
0.825  0.0306599
0.835  0.0247433
0.845  0.0198411
0.855  0.0158086
0.865  0.0125153
0.875  0.00984492
0.885  0.00769488
0.895  0.00597602
0.905  0.00461151
0.915  0.00353586
0.925  0.00269381
0.935  0.0020392
0.945  0.00153381
0.955  0.00114632
0.965  0.000851254
0.975  0.000628107
0.985  0.000460499
0.995  0.000335463
